2021/09/24 17:53:59 [notice] 1#1: using the "epoll" event method
2021/09/24 17:53:59 [notice] 1#1: nginx/1.21.3
2021/09/24 17:53:59 [notice] 1#1: built by gcc 8.3.0 (Debian 8.3.0-6) 
2021/09/24 17:53:59 [notice] 1#1: OS: Linux 5.10.47-linuxkit
2021/09/24 17:53:59 [notice] 1#1: getrlimit(RLIMIT_NOFILE): 1048576:1048576
2021/09/24 17:53:59 [notice] 1#1: start worker processes
2021/09/24 17:53:59 [notice] 1#1: start worker process 30
2021/09/24 17:53:59 [notice] 1#1: start worker process 31
2021/09/24 17:53:59 [notice] 1#1: start worker process 32
2021/09/24 17:53:59 [notice] 1#1: start worker process 33
2021/09/24 18:39:33 [error] 30#30: *2 open() "/usr/share/nginx/html/favicon.ico" failed (2: No such file or directory), client: 172.21.0.1, server: localhost, request: "GET /favicon.ico HTTP/1.1", host: "localhost:8089", referrer: "http://localhost:8089/"
2021/09/24 18:40:35 [notice] 1#1: signal 3 (SIGQUIT) received, shutting down
2021/09/24 18:40:35 [notice] 30#30: gracefully shutting down
2021/09/24 18:40:35 [notice] 30#30: exiting
2021/09/24 18:40:35 [notice] 32#32: gracefully shutting down
2021/09/24 18:40:35 [notice] 32#32: exiting
2021/09/24 18:40:35 [notice] 31#31: gracefully shutting down
2021/09/24 18:40:35 [notice] 33#33: gracefully shutting down
2021/09/24 18:40:35 [notice] 30#30: exit
2021/09/24 18:40:35 [notice] 32#32: exit
2021/09/24 18:40:35 [notice] 31#31: exiting
2021/09/24 18:40:35 [notice] 33#33: exiting
2021/09/24 18:40:35 [notice] 31#31: exit
2021/09/24 18:40:35 [notice] 33#33: exit
2021/09/24 18:40:35 [notice] 1#1: signal 17 (SIGCHLD) received from 30
2021/09/24 18:40:35 [notice] 1#1: worker process 30 exited with code 0
2021/09/24 18:40:35 [notice] 1#1: signal 29 (SIGIO) received
2021/09/24 18:40:35 [notice] 1#1: signal 17 (SIGCHLD) received from 32
2021/09/24 18:40:35 [notice] 1#1: worker process 31 exited with code 0
2021/09/24 18:40:35 [notice] 1#1: worker process 32 exited with code 0
2021/09/24 18:40:35 [notice] 1#1: worker process 33 exited with code 0
2021/09/24 18:40:35 [notice] 1#1: exit
2021/09/24 18:40:35 [notice] 1#1: using the "epoll" event method
2021/09/24 18:40:35 [notice] 1#1: nginx/1.21.3
2021/09/24 18:40:35 [notice] 1#1: built by gcc 8.3.0 (Debian 8.3.0-6) 
2021/09/24 18:40:35 [notice] 1#1: OS: Linux 5.10.47-linuxkit
2021/09/24 18:40:35 [notice] 1#1: getrlimit(RLIMIT_NOFILE): 1048576:1048576
2021/09/24 18:40:35 [notice] 1#1: start worker processes
2021/09/24 18:40:35 [notice] 1#1: start worker process 31
2021/09/24 18:40:35 [notice] 1#1: start worker process 32
2021/09/24 18:40:35 [notice] 1#1: start worker process 33
2021/09/24 18:40:35 [notice] 1#1: start worker process 34
2021/09/24 20:31:31 [error] 31#31: *53 open() "/usr/share/nginx/html/favicon.ico" failed (2: No such file or directory), client: 172.21.0.1, server: localhost, request: "GET /favicon.ico HTTP/1.1", host: "localhost:8089", referrer: "http://localhost:8089/"
2021/09/27 08:11:50 [notice] 1#1: signal 3 (SIGQUIT) received, shutting down
2021/09/27 08:11:50 [notice] 33#33: gracefully shutting down
2021/09/27 08:11:50 [notice] 34#34: gracefully shutting down
2021/09/27 08:11:50 [notice] 31#31: gracefully shutting down
2021/09/27 08:11:50 [notice] 32#32: gracefully shutting down
2021/09/27 08:11:50 [notice] 33#33: exiting
2021/09/27 08:11:50 [notice] 34#34: exiting
2021/09/27 08:11:50 [notice] 31#31: exiting
2021/09/27 08:11:50 [notice] 32#32: exiting
2021/09/27 08:11:50 [notice] 33#33: exit
2021/09/27 08:11:50 [notice] 34#34: exit
2021/09/27 08:11:50 [notice] 31#31: exit
2021/09/27 08:11:50 [notice] 32#32: exit
2021/09/27 08:11:50 [notice] 1#1: signal 17 (SIGCHLD) received from 34
2021/09/27 08:11:50 [notice] 1#1: worker process 31 exited with code 0
2021/09/27 08:11:50 [notice] 1#1: worker process 33 exited with code 0
2021/09/27 08:11:50 [notice] 1#1: worker process 34 exited with code 0
2021/09/27 08:11:50 [notice] 1#1: worker process 32 exited with code 0
2021/09/27 08:11:50 [notice] 1#1: exit
2022/03/14 16:03:08 [notice] 1#1: using the "epoll" event method
2022/03/14 16:03:08 [notice] 1#1: nginx/1.21.3
2022/03/14 16:03:08 [notice] 1#1: built by gcc 8.3.0 (Debian 8.3.0-6) 
2022/03/14 16:03:08 [notice] 1#1: OS: Linux 5.10.76-linuxkit
2022/03/14 16:03:08 [notice] 1#1: getrlimit(RLIMIT_NOFILE): 1048576:1048576
2022/03/14 16:03:08 [notice] 1#1: start worker processes
2022/03/14 16:03:08 [notice] 1#1: start worker process 31
2022/03/14 16:03:08 [notice] 1#1: start worker process 32
2022/03/14 16:03:08 [notice] 1#1: start worker process 33
2022/03/14 16:03:08 [notice] 1#1: start worker process 34
2022/03/14 16:03:32 [error] 32#32: *2 open() "/usr/share/nginx/html/favicon.ico" failed (2: No such file or directory), client: 172.29.0.1, server: localhost, request: "GET /favicon.ico HTTP/1.1", host: "localhost:8089", referrer: "http://localhost:8089/lb"
2022/03/14 16:04:04 [notice] 1#1: signal 3 (SIGQUIT) received, shutting down
2022/03/14 16:04:04 [notice] 32#32: gracefully shutting down
2022/03/14 16:04:04 [notice] 31#31: gracefully shutting down
2022/03/14 16:04:04 [notice] 33#33: gracefully shutting down
2022/03/14 16:04:04 [notice] 33#33: exiting
2022/03/14 16:04:04 [notice] 34#34: gracefully shutting down
2022/03/14 16:04:04 [notice] 32#32: exiting
2022/03/14 16:04:04 [notice] 33#33: exit
2022/03/14 16:04:04 [notice] 34#34: exiting
2022/03/14 16:04:04 [notice] 34#34: exit
2022/03/14 16:04:04 [notice] 32#32: exit
2022/03/14 16:04:04 [notice] 1#1: signal 17 (SIGCHLD) received from 33
2022/03/14 16:04:04 [notice] 1#1: worker process 33 exited with code 0
2022/03/14 16:04:04 [notice] 1#1: signal 29 (SIGIO) received
2022/03/14 16:04:04 [notice] 1#1: signal 17 (SIGCHLD) received from 34
2022/03/14 16:04:04 [notice] 1#1: worker process 34 exited with code 0
2022/03/14 16:04:04 [notice] 1#1: signal 29 (SIGIO) received
2022/03/14 16:04:04 [notice] 1#1: signal 17 (SIGCHLD) received from 32
2022/03/14 16:04:04 [notice] 1#1: worker process 32 exited with code 0
2022/03/14 16:04:04 [notice] 1#1: signal 29 (SIGIO) received
2022/03/14 16:04:15 [notice] 1#1: using the "epoll" event method
2022/03/14 16:04:15 [notice] 1#1: nginx/1.21.3
2022/03/14 16:04:15 [notice] 1#1: built by gcc 8.3.0 (Debian 8.3.0-6) 
2022/03/14 16:04:15 [notice] 1#1: OS: Linux 5.10.76-linuxkit
2022/03/14 16:04:15 [notice] 1#1: getrlimit(RLIMIT_NOFILE): 1048576:1048576
2022/03/14 16:04:15 [notice] 1#1: start worker processes
2022/03/14 16:04:15 [notice] 1#1: start worker process 31
2022/03/14 16:04:15 [notice] 1#1: start worker process 32
2022/03/14 16:04:15 [notice] 1#1: start worker process 33
2022/03/14 16:04:15 [notice] 1#1: start worker process 34
2022/03/14 16:06:03 [notice] 1#1: signal 3 (SIGQUIT) received, shutting down
2022/03/14 16:06:03 [notice] 32#32: gracefully shutting down
2022/03/14 16:06:03 [notice] 33#33: gracefully shutting down
2022/03/14 16:06:03 [notice] 33#33: exiting
2022/03/14 16:06:03 [notice] 31#31: gracefully shutting down
2022/03/14 16:06:03 [notice] 34#34: gracefully shutting down
2022/03/14 16:06:03 [notice] 34#34: exiting
2022/03/14 16:06:03 [notice] 33#33: exit
2022/03/14 16:06:03 [notice] 31#31: exiting
2022/03/14 16:06:03 [notice] 34#34: exit
2022/03/14 16:06:03 [notice] 31#31: exit
2022/03/14 16:06:03 [notice] 1#1: signal 17 (SIGCHLD) received from 33
2022/03/14 16:06:03 [notice] 1#1: worker process 33 exited with code 0
2022/03/14 16:06:03 [notice] 1#1: signal 29 (SIGIO) received
2022/03/14 16:06:03 [notice] 1#1: signal 17 (SIGCHLD) received from 34
2022/03/14 16:06:03 [notice] 1#1: worker process 34 exited with code 0
2022/03/14 16:06:03 [notice] 1#1: signal 29 (SIGIO) received
2022/03/14 16:06:03 [notice] 1#1: signal 17 (SIGCHLD) received from 31
2022/03/14 16:06:03 [notice] 1#1: worker process 31 exited with code 0
2022/03/14 16:06:03 [notice] 1#1: signal 29 (SIGIO) received
2022/03/14 16:06:14 [notice] 1#1: using the "epoll" event method
2022/03/14 16:06:14 [notice] 1#1: nginx/1.21.3
2022/03/14 16:06:14 [notice] 1#1: built by gcc 8.3.0 (Debian 8.3.0-6) 
2022/03/14 16:06:14 [notice] 1#1: OS: Linux 5.10.76-linuxkit
2022/03/14 16:06:14 [notice] 1#1: getrlimit(RLIMIT_NOFILE): 1048576:1048576
2022/03/14 16:06:14 [notice] 1#1: start worker processes
2022/03/14 16:06:14 [notice] 1#1: start worker process 31
2022/03/14 16:06:14 [notice] 1#1: start worker process 32
2022/03/14 16:06:14 [notice] 1#1: start worker process 33
2022/03/14 16:06:14 [notice] 1#1: start worker process 34
2023/04/04 12:46:34 [notice] 1#1: using the "epoll" event method
2023/04/04 12:46:34 [notice] 1#1: nginx/1.23.1
2023/04/04 12:46:34 [notice] 1#1: built by gcc 10.2.1 20210110 (Debian 10.2.1-6) 
2023/04/04 12:46:34 [notice] 1#1: OS: Linux 6.1.21-1-MANJARO
2023/04/04 12:46:34 [notice] 1#1: getrlimit(RLIMIT_NOFILE): 1073741816:1073741816
2023/04/04 12:46:34 [notice] 1#1: start worker processes
2023/04/04 12:46:34 [notice] 1#1: start worker process 30
2023/04/04 12:46:34 [notice] 1#1: start worker process 31
2023/04/04 12:46:34 [notice] 1#1: start worker process 32
2023/04/04 12:46:34 [notice] 1#1: start worker process 33
2023/04/04 12:46:34 [notice] 1#1: start worker process 34
2023/04/04 12:46:34 [notice] 1#1: start worker process 35
2023/04/04 12:46:34 [notice] 1#1: start worker process 36
2023/04/04 12:46:34 [notice] 1#1: start worker process 37
2023/04/04 12:47:37 [notice] 1#1: signal 3 (SIGQUIT) received, shutting down
2023/04/04 12:47:37 [notice] 30#30: gracefully shutting down
2023/04/04 12:47:37 [notice] 32#32: gracefully shutting down
2023/04/04 12:47:37 [notice] 30#30: exiting
2023/04/04 12:47:37 [notice] 34#34: gracefully shutting down
2023/04/04 12:47:37 [notice] 32#32: exiting
2023/04/04 12:47:37 [notice] 36#36: gracefully shutting down
2023/04/04 12:47:37 [notice] 31#31: gracefully shutting down
2023/04/04 12:47:37 [notice] 34#34: exiting
2023/04/04 12:47:37 [notice] 36#36: exiting
2023/04/04 12:47:37 [notice] 31#31: exiting
2023/04/04 12:47:37 [notice] 30#30: exit
2023/04/04 12:47:37 [notice] 32#32: exit
2023/04/04 12:47:37 [notice] 34#34: exit
2023/04/04 12:47:37 [notice] 36#36: exit
2023/04/04 12:47:37 [notice] 31#31: exit
2023/04/04 12:47:37 [notice] 33#33: gracefully shutting down
2023/04/04 12:47:37 [notice] 33#33: exiting
2023/04/04 12:47:37 [notice] 33#33: exit
2023/04/04 12:47:37 [notice] 35#35: gracefully shutting down
2023/04/04 12:47:37 [notice] 35#35: exiting
2023/04/04 12:47:37 [notice] 37#37: gracefully shutting down
2023/04/04 12:47:37 [notice] 37#37: exiting
2023/04/04 12:47:37 [notice] 35#35: exit
2023/04/04 12:47:37 [notice] 37#37: exit
2023/04/04 12:47:37 [notice] 1#1: signal 17 (SIGCHLD) received from 30
2023/04/04 12:47:37 [notice] 1#1: worker process 30 exited with code 0
2023/04/04 12:47:37 [notice] 1#1: worker process 32 exited with code 0
2023/04/04 12:47:37 [notice] 1#1: signal 29 (SIGIO) received
2023/04/04 12:47:37 [notice] 1#1: signal 17 (SIGCHLD) received from 36
2023/04/04 12:47:37 [notice] 1#1: worker process 36 exited with code 0
2023/04/04 12:47:37 [notice] 1#1: signal 29 (SIGIO) received
2023/04/04 12:47:37 [notice] 1#1: signal 17 (SIGCHLD) received from 33
2023/04/04 12:47:37 [notice] 1#1: worker process 33 exited with code 0
2023/04/04 12:47:37 [notice] 1#1: signal 29 (SIGIO) received
2023/04/04 12:47:37 [notice] 1#1: signal 17 (SIGCHLD) received from 35
2023/04/04 12:47:37 [notice] 1#1: worker process 35 exited with code 0
2023/04/04 12:47:37 [notice] 1#1: signal 29 (SIGIO) received
2023/04/04 12:47:37 [notice] 1#1: signal 17 (SIGCHLD) received from 31
2023/04/04 12:47:37 [notice] 1#1: worker process 31 exited with code 0
2023/04/04 12:47:37 [notice] 1#1: worker process 34 exited with code 0
2023/04/04 12:47:37 [notice] 1#1: signal 29 (SIGIO) received
2023/04/04 12:47:37 [notice] 1#1: signal 17 (SIGCHLD) received from 37
2023/04/04 12:47:37 [notice] 1#1: worker process 37 exited with code 0
2023/04/04 12:47:37 [notice] 1#1: exit
2023/04/04 12:47:38 [notice] 1#1: using the "epoll" event method
2023/04/04 12:47:38 [notice] 1#1: nginx/1.23.1
2023/04/04 12:47:38 [notice] 1#1: built by gcc 10.2.1 20210110 (Debian 10.2.1-6) 
2023/04/04 12:47:38 [notice] 1#1: OS: Linux 6.1.21-1-MANJARO
2023/04/04 12:47:38 [notice] 1#1: getrlimit(RLIMIT_NOFILE): 1073741816:1073741816
2023/04/04 12:47:38 [notice] 1#1: start worker processes
2023/04/04 12:47:38 [notice] 1#1: start worker process 30
2023/04/04 12:47:38 [notice] 1#1: start worker process 31
2023/04/04 12:47:38 [notice] 1#1: start worker process 32
2023/04/04 12:47:38 [notice] 1#1: start worker process 33
2023/04/04 12:47:38 [notice] 1#1: start worker process 34
2023/04/04 12:47:38 [notice] 1#1: start worker process 35
2023/04/04 12:47:38 [notice] 1#1: start worker process 36
2023/04/04 12:47:38 [notice] 1#1: start worker process 37
2023/04/04 12:48:36 [error] 30#30: *1 open() "/usr/share/nginx/html/favicon.ico" failed (2: No such file or directory), client: 172.18.0.1, server: localhost, request: "GET /favicon.ico HTTP/1.1", host: "localhost:8089", referrer: "http://localhost:8089/"
2023/04/04 13:07:52 [notice] 1#1: signal 3 (SIGQUIT) received, shutting down
2023/04/04 13:07:52 [notice] 35#35: gracefully shutting down
2023/04/04 13:07:52 [notice] 36#36: gracefully shutting down
2023/04/04 13:07:52 [notice] 35#35: exiting
2023/04/04 13:07:52 [notice] 36#36: exiting
2023/04/04 13:07:52 [notice] 36#36: exit
2023/04/04 13:07:52 [notice] 35#35: exit
2023/04/04 13:07:52 [notice] 34#34: gracefully shutting down
2023/04/04 13:07:52 [notice] 34#34: exiting
2023/04/04 13:07:52 [notice] 34#34: exit
2023/04/04 13:07:52 [notice] 31#31: gracefully shutting down
2023/04/04 13:07:52 [notice] 33#33: gracefully shutting down
2023/04/04 13:07:52 [notice] 31#31: exiting
2023/04/04 13:07:52 [notice] 33#33: exiting
2023/04/04 13:07:52 [notice] 31#31: exit
2023/04/04 13:07:52 [notice] 33#33: exit
2023/04/04 13:07:52 [notice] 37#37: gracefully shutting down
2023/04/04 13:07:52 [notice] 37#37: exiting
2023/04/04 13:07:52 [notice] 37#37: exit
2023/04/04 13:07:52 [notice] 30#30: gracefully shutting down
2023/04/04 13:07:52 [notice] 30#30: exiting
2023/04/04 13:07:52 [notice] 30#30: exit
2023/04/04 13:07:52 [notice] 32#32: gracefully shutting down
2023/04/04 13:07:52 [notice] 32#32: exiting
2023/04/04 13:07:52 [notice] 32#32: exit
2023/04/04 13:07:52 [notice] 1#1: signal 17 (SIGCHLD) received from 32
2023/04/04 13:07:52 [notice] 1#1: worker process 32 exited with code 0
2023/04/04 13:07:52 [notice] 1#1: worker process 33 exited with code 0
2023/04/04 13:07:52 [notice] 1#1: worker process 34 exited with code 0
2023/04/04 13:07:52 [notice] 1#1: worker process 36 exited with code 0
2023/04/04 13:07:52 [notice] 1#1: signal 29 (SIGIO) received
2023/04/04 13:07:52 [notice] 1#1: signal 17 (SIGCHLD) received from 33
2023/04/04 13:07:52 [notice] 1#1: signal 17 (SIGCHLD) received from 30
2023/04/04 13:07:52 [notice] 1#1: worker process 30 exited with code 0
2023/04/04 13:07:52 [notice] 1#1: signal 29 (SIGIO) received
2023/04/04 13:07:52 [notice] 1#1: signal 17 (SIGCHLD) received from 35
2023/04/04 13:07:52 [notice] 1#1: worker process 35 exited with code 0
2023/04/04 13:07:52 [notice] 1#1: worker process 37 exited with code 0
2023/04/04 13:07:52 [notice] 1#1: signal 29 (SIGIO) received
2023/04/04 13:07:52 [notice] 1#1: signal 17 (SIGCHLD) received from 37
2023/04/04 13:07:52 [notice] 1#1: signal 17 (SIGCHLD) received from 31
2023/04/04 13:07:52 [notice] 1#1: worker process 31 exited with code 0
2023/04/04 13:07:52 [notice] 1#1: exit
2023/04/04 13:07:54 [notice] 1#1: using the "epoll" event method
2023/04/04 13:07:54 [notice] 1#1: nginx/1.23.1
2023/04/04 13:07:54 [notice] 1#1: built by gcc 10.2.1 20210110 (Debian 10.2.1-6) 
2023/04/04 13:07:54 [notice] 1#1: OS: Linux 6.1.21-1-MANJARO
2023/04/04 13:07:54 [notice] 1#1: getrlimit(RLIMIT_NOFILE): 1073741816:1073741816
2023/04/04 13:07:54 [notice] 1#1: start worker processes
2023/04/04 13:07:54 [notice] 1#1: start worker process 30
2023/04/04 13:07:54 [notice] 1#1: start worker process 31
2023/04/04 13:07:54 [notice] 1#1: start worker process 32
2023/04/04 13:07:54 [notice] 1#1: start worker process 33
2023/04/04 13:07:54 [notice] 1#1: start worker process 34
2023/04/04 13:07:54 [notice] 1#1: start worker process 35
2023/04/04 13:07:54 [notice] 1#1: start worker process 36
2023/04/04 13:07:54 [notice] 1#1: start worker process 37
2023/04/04 13:07:57 [error] 30#30: *2 open() "/usr/share/nginx/html/favicon.ico" failed (2: No such file or directory), client: 172.18.0.1, server: localhost, request: "GET /favicon.ico HTTP/1.1", host: "localhost:8089", referrer: "http://localhost:8089/lb"
2023/04/04 13:07:57 [error] 30#30: *2 open() "/usr/share/nginx/html/favicon.ico" failed (2: No such file or directory), client: 172.18.0.1, server: localhost, request: "GET /favicon.ico HTTP/1.1", host: "localhost:8089", referrer: "http://localhost:8089/lb"
2023/04/04 13:07:58 [error] 30#30: *2 open() "/usr/share/nginx/html/favicon.ico" failed (2: No such file or directory), client: 172.18.0.1, server: localhost, request: "GET /favicon.ico HTTP/1.1", host: "localhost:8089", referrer: "http://localhost:8089/lb"
2023/04/04 13:07:58 [error] 30#30: *2 open() "/usr/share/nginx/html/favicon.ico" failed (2: No such file or directory), client: 172.18.0.1, server: localhost, request: "GET /favicon.ico HTTP/1.1", host: "localhost:8089", referrer: "http://localhost:8089/lb"
2023/04/04 13:07:58 [error] 30#30: *2 open() "/usr/share/nginx/html/favicon.ico" failed (2: No such file or directory), client: 172.18.0.1, server: localhost, request: "GET /favicon.ico HTTP/1.1", host: "localhost:8089", referrer: "http://localhost:8089/lb"
2023/04/04 13:07:59 [error] 30#30: *2 open() "/usr/share/nginx/html/favicon.ico" failed (2: No such file or directory), client: 172.18.0.1, server: localhost, request: "GET /favicon.ico HTTP/1.1", host: "localhost:8089", referrer: "http://localhost:8089/lb"
2023/04/04 13:07:59 [error] 30#30: *2 open() "/usr/share/nginx/html/favicon.ico" failed (2: No such file or directory), client: 172.18.0.1, server: localhost, request: "GET /favicon.ico HTTP/1.1", host: "localhost:8089", referrer: "http://localhost:8089/lb"
2023/04/04 13:07:59 [error] 30#30: *2 open() "/usr/share/nginx/html/favicon.ico" failed (2: No such file or directory), client: 172.18.0.1, server: localhost, request: "GET /favicon.ico HTTP/1.1", host: "localhost:8089", referrer: "http://localhost:8089/lb"
2023/04/04 13:07:59 [error] 30#30: *2 open() "/usr/share/nginx/html/favicon.ico" failed (2: No such file or directory), client: 172.18.0.1, server: localhost, request: "GET /favicon.ico HTTP/1.1", host: "localhost:8089", referrer: "http://localhost:8089/lb"
2023/04/04 13:09:03 [notice] 1#1: signal 3 (SIGQUIT) received, shutting down
2023/04/04 13:09:03 [notice] 30#30: gracefully shutting down
2023/04/04 13:09:03 [notice] 31#31: gracefully shutting down
2023/04/04 13:09:03 [notice] 32#32: gracefully shutting down
2023/04/04 13:09:03 [notice] 33#33: gracefully shutting down
2023/04/04 13:09:03 [notice] 31#31: exiting
2023/04/04 13:09:03 [notice] 36#36: gracefully shutting down
2023/04/04 13:09:03 [notice] 35#35: gracefully shutting down
2023/04/04 13:09:03 [notice] 37#37: gracefully shutting down
2023/04/04 13:09:03 [notice] 32#32: exiting
2023/04/04 13:09:03 [notice] 33#33: exiting
2023/04/04 13:09:03 [notice] 36#36: exiting
2023/04/04 13:09:03 [notice] 35#35: exiting
2023/04/04 13:09:03 [notice] 37#37: exiting
2023/04/04 13:09:03 [notice] 31#31: exit
2023/04/04 13:09:03 [notice] 36#36: exit
2023/04/04 13:09:03 [notice] 32#32: exit
2023/04/04 13:09:03 [notice] 37#37: exit
2023/04/04 13:09:03 [notice] 30#30: exiting
2023/04/04 13:09:03 [notice] 35#35: exit
2023/04/04 13:09:03 [notice] 33#33: exit
2023/04/04 13:09:03 [notice] 30#30: exit
2023/04/04 13:09:03 [notice] 34#34: gracefully shutting down
2023/04/04 13:09:03 [notice] 34#34: exiting
2023/04/04 13:09:03 [notice] 34#34: exit
2023/04/04 13:09:03 [notice] 1#1: signal 17 (SIGCHLD) received from 35
2023/04/04 13:09:03 [notice] 1#1: worker process 35 exited with code 0
2023/04/04 13:09:03 [notice] 1#1: signal 29 (SIGIO) received
2023/04/04 13:09:03 [notice] 1#1: signal 17 (SIGCHLD) received from 37
2023/04/04 13:09:03 [notice] 1#1: worker process 32 exited with code 0
2023/04/04 13:09:03 [notice] 1#1: worker process 34 exited with code 0
2023/04/04 13:09:03 [notice] 1#1: worker process 36 exited with code 0
2023/04/04 13:09:03 [notice] 1#1: worker process 37 exited with code 0
2023/04/04 13:09:03 [notice] 1#1: worker process 31 exited with code 0
2023/04/04 13:09:03 [notice] 1#1: signal 29 (SIGIO) received
2023/04/04 13:09:03 [notice] 1#1: signal 17 (SIGCHLD) received from 34
2023/04/04 13:09:03 [notice] 1#1: signal 17 (SIGCHLD) received from 33
2023/04/04 13:09:03 [notice] 1#1: worker process 33 exited with code 0
2023/04/04 13:09:03 [notice] 1#1: signal 29 (SIGIO) received
2023/04/04 13:09:03 [notice] 1#1: signal 17 (SIGCHLD) received from 30
2023/04/04 13:09:03 [notice] 1#1: worker process 30 exited with code 0
2023/04/04 13:09:03 [notice] 1#1: exit
2023/04/04 13:09:12 [notice] 1#1: using the "epoll" event method
2023/04/04 13:09:12 [notice] 1#1: nginx/1.23.1
2023/04/04 13:09:12 [notice] 1#1: built by gcc 10.2.1 20210110 (Debian 10.2.1-6) 
2023/04/04 13:09:12 [notice] 1#1: OS: Linux 6.1.21-1-MANJARO
2023/04/04 13:09:12 [notice] 1#1: getrlimit(RLIMIT_NOFILE): 1073741816:1073741816
2023/04/04 13:09:12 [notice] 1#1: start worker processes
2023/04/04 13:09:12 [notice] 1#1: start worker process 30
2023/04/04 13:09:12 [notice] 1#1: start worker process 31
2023/04/04 13:09:12 [notice] 1#1: start worker process 32
2023/04/04 13:09:12 [notice] 1#1: start worker process 33
2023/04/04 13:09:12 [notice] 1#1: start worker process 34
2023/04/04 13:09:12 [notice] 1#1: start worker process 35
2023/04/04 13:09:12 [notice] 1#1: start worker process 36
2023/04/04 13:09:12 [notice] 1#1: start worker process 37
2023/04/04 13:09:18 [error] 30#30: *1 open() "/usr/share/nginx/html/favicon.ico" failed (2: No such file or directory), client: 172.18.0.1, server: localhost, request: "GET /favicon.ico HTTP/1.1", host: "localhost:8089", referrer: "http://localhost:8089/lb"
2023/04/04 13:09:19 [error] 30#30: *1 open() "/usr/share/nginx/html/favicon.ico" failed (2: No such file or directory), client: 172.18.0.1, server: localhost, request: "GET /favicon.ico HTTP/1.1", host: "localhost:8089", referrer: "http://localhost:8089/lb"
2023/04/04 13:09:19 [error] 30#30: *1 open() "/usr/share/nginx/html/favicon.ico" failed (2: No such file or directory), client: 172.18.0.1, server: localhost, request: "GET /favicon.ico HTTP/1.1", host: "localhost:8089", referrer: "http://localhost:8089/lb"
2023/04/04 13:09:19 [error] 30#30: *1 open() "/usr/share/nginx/html/favicon.ico" failed (2: No such file or directory), client: 172.18.0.1, server: localhost, request: "GET /favicon.ico HTTP/1.1", host: "localhost:8089", referrer: "http://localhost:8089/lb"
2023/04/04 13:09:19 [error] 30#30: *1 open() "/usr/share/nginx/html/favicon.ico" failed (2: No such file or directory), client: 172.18.0.1, server: localhost, request: "GET /favicon.ico HTTP/1.1", host: "localhost:8089", referrer: "http://localhost:8089/lb"
2023/04/04 13:09:19 [error] 30#30: *1 open() "/usr/share/nginx/html/favicon.ico" failed (2: No such file or directory), client: 172.18.0.1, server: localhost, request: "GET /favicon.ico HTTP/1.1", host: "localhost:8089", referrer: "http://localhost:8089/lb"
2023/04/04 13:09:20 [error] 30#30: *1 open() "/usr/share/nginx/html/favicon.ico" failed (2: No such file or directory), client: 172.18.0.1, server: localhost, request: "GET /favicon.ico HTTP/1.1", host: "localhost:8089", referrer: "http://localhost:8089/lb"
2023/04/04 13:09:20 [error] 30#30: *1 open() "/usr/share/nginx/html/favicon.ico" failed (2: No such file or directory), client: 172.18.0.1, server: localhost, request: "GET /favicon.ico HTTP/1.1", host: "localhost:8089", referrer: "http://localhost:8089/lb"
2023/04/04 13:09:20 [error] 30#30: *1 open() "/usr/share/nginx/html/favicon.ico" failed (2: No such file or directory), client: 172.18.0.1, server: localhost, request: "GET /favicon.ico HTTP/1.1", host: "localhost:8089", referrer: "http://localhost:8089/lb"
2023/04/04 13:09:20 [error] 30#30: *1 open() "/usr/share/nginx/html/favicon.ico" failed (2: No such file or directory), client: 172.18.0.1, server: localhost, request: "GET /favicon.ico HTTP/1.1", host: "localhost:8089", referrer: "http://localhost:8089/lb"
2023/04/04 13:09:20 [error] 30#30: *1 open() "/usr/share/nginx/html/favicon.ico" failed (2: No such file or directory), client: 172.18.0.1, server: localhost, request: "GET /favicon.ico HTTP/1.1", host: "localhost:8089", referrer: "http://localhost:8089/lb"
2023/04/04 13:09:41 [notice] 1#1: signal 3 (SIGQUIT) received, shutting down
2023/04/04 13:09:41 [notice] 30#30: gracefully shutting down
2023/04/04 13:09:41 [notice] 31#31: gracefully shutting down
2023/04/04 13:09:41 [notice] 32#32: gracefully shutting down
2023/04/04 13:09:41 [notice] 33#33: gracefully shutting down
2023/04/04 13:09:41 [notice] 34#34: gracefully shutting down
2023/04/04 13:09:41 [notice] 35#35: gracefully shutting down
2023/04/04 13:09:41 [notice] 31#31: exiting
2023/04/04 13:09:41 [notice] 36#36: gracefully shutting down
2023/04/04 13:09:41 [notice] 32#32: exiting
2023/04/04 13:09:41 [notice] 33#33: exiting
2023/04/04 13:09:41 [notice] 35#35: exiting
2023/04/04 13:09:41 [notice] 36#36: exiting
2023/04/04 13:09:41 [notice] 32#32: exit
2023/04/04 13:09:41 [notice] 33#33: exit
2023/04/04 13:09:41 [notice] 31#31: exit
2023/04/04 13:09:41 [notice] 35#35: exit
2023/04/04 13:09:41 [notice] 36#36: exit
2023/04/04 13:09:41 [notice] 37#37: gracefully shutting down
2023/04/04 13:09:41 [notice] 30#30: exiting
2023/04/04 13:09:41 [notice] 30#30: exit
2023/04/04 13:09:41 [notice] 37#37: exiting
2023/04/04 13:09:41 [notice] 37#37: exit
2023/04/04 13:09:41 [notice] 1#1: signal 17 (SIGCHLD) received from 37
2023/04/04 13:09:41 [notice] 1#1: worker process 37 exited with code 0
2023/04/04 13:09:41 [notice] 1#1: signal 29 (SIGIO) received
2023/04/04 13:09:41 [notice] 1#1: signal 17 (SIGCHLD) received from 36
2023/04/04 13:09:41 [notice] 1#1: worker process 30 exited with code 0
2023/04/04 13:09:41 [notice] 1#1: worker process 31 exited with code 0
2023/04/04 13:09:41 [notice] 1#1: worker process 32 exited with code 0
2023/04/04 13:09:41 [notice] 1#1: worker process 33 exited with code 0
2023/04/04 13:09:41 [notice] 1#1: worker process 35 exited with code 0
2023/04/04 13:09:41 [notice] 1#1: worker process 36 exited with code 0
2023/04/04 13:09:41 [notice] 1#1: signal 29 (SIGIO) received
2023/04/04 13:09:41 [notice] 1#1: signal 17 (SIGCHLD) received from 30
2023/04/04 13:09:56 [notice] 1#1: using the "epoll" event method
2023/04/04 13:09:56 [notice] 1#1: nginx/1.23.1
2023/04/04 13:09:56 [notice] 1#1: built by gcc 10.2.1 20210110 (Debian 10.2.1-6) 
2023/04/04 13:09:56 [notice] 1#1: OS: Linux 6.1.21-1-MANJARO
2023/04/04 13:09:56 [notice] 1#1: getrlimit(RLIMIT_NOFILE): 1073741816:1073741816
2023/04/04 13:09:56 [notice] 1#1: start worker processes
2023/04/04 13:09:56 [notice] 1#1: start worker process 30
2023/04/04 13:09:56 [notice] 1#1: start worker process 31
2023/04/04 13:09:56 [notice] 1#1: start worker process 32
2023/04/04 13:09:56 [notice] 1#1: start worker process 33
2023/04/04 13:09:56 [notice] 1#1: start worker process 34
2023/04/04 13:09:56 [notice] 1#1: start worker process 35
2023/04/04 13:09:56 [notice] 1#1: start worker process 36
2023/04/04 13:09:56 [notice] 1#1: start worker process 37
2023/04/04 13:12:40 [error] 34#34: *25 open() "/usr/share/nginx/html/favicon.ico" failed (2: No such file or directory), client: 172.18.0.1, server: localhost, request: "GET /favicon.ico HTTP/1.1", host: "localhost:8089", referrer: "https://c5c4-2a0d-3344-103c-3210-00-4f8.eu.ngrok.io/"
2023/04/04 13:16:20 [error] 35#35: *26 open() "/usr/share/nginx/html/favicon.ico" failed (2: No such file or directory), client: 172.18.0.1, server: localhost, request: "GET /favicon.ico HTTP/1.1", host: "localhost:8089", referrer: "https://c5c4-2a0d-3344-103c-3210-00-4f8.eu.ngrok.io/lb"
2023/04/04 13:16:20 [error] 35#35: *26 open() "/usr/share/nginx/html/favicon.ico" failed (2: No such file or directory), client: 172.18.0.1, server: localhost, request: "GET /favicon.ico HTTP/1.1", host: "localhost:8089", referrer: "https://c5c4-2a0d-3344-103c-3210-00-4f8.eu.ngrok.io/lb"
2023/04/04 13:16:20 [error] 35#35: *26 open() "/usr/share/nginx/html/favicon.ico" failed (2: No such file or directory), client: 172.18.0.1, server: localhost, request: "GET /favicon.ico HTTP/1.1", host: "localhost:8089", referrer: "https://c5c4-2a0d-3344-103c-3210-00-4f8.eu.ngrok.io/lb"
2023/04/04 13:16:21 [error] 35#35: *26 open() "/usr/share/nginx/html/favicon.ico" failed (2: No such file or directory), client: 172.18.0.1, server: localhost, request: "GET /favicon.ico HTTP/1.1", host: "localhost:8089", referrer: "https://c5c4-2a0d-3344-103c-3210-00-4f8.eu.ngrok.io/lb"
2023/04/04 13:19:05 [error] 30#30: *43 open() "/usr/share/nginx/html/favicon.ico" failed (2: No such file or directory), client: 172.18.0.1, server: localhost, request: "GET /favicon.ico HTTP/1.1", host: "localhost:8089", referrer: "http://localhost:8089/lb"
2023/04/04 13:19:23 [notice] 1#1: signal 3 (SIGQUIT) received, shutting down
2023/04/04 13:19:23 [notice] 30#30: gracefully shutting down
2023/04/04 13:19:23 [notice] 31#31: gracefully shutting down
2023/04/04 13:19:23 [notice] 33#33: gracefully shutting down
2023/04/04 13:19:23 [notice] 34#34: gracefully shutting down
2023/04/04 13:19:23 [notice] 32#32: gracefully shutting down
2023/04/04 13:19:23 [notice] 37#37: gracefully shutting down
2023/04/04 13:19:23 [notice] 31#31: exiting
2023/04/04 13:19:23 [notice] 33#33: exiting
2023/04/04 13:19:23 [notice] 34#34: exiting
2023/04/04 13:19:23 [notice] 35#35: gracefully shutting down
2023/04/04 13:19:23 [notice] 32#32: exiting
2023/04/04 13:19:23 [notice] 37#37: exiting
2023/04/04 13:19:23 [notice] 35#35: exiting
2023/04/04 13:19:23 [notice] 31#31: exit
2023/04/04 13:19:23 [notice] 34#34: exit
2023/04/04 13:19:23 [notice] 33#33: exit
2023/04/04 13:19:23 [notice] 37#37: exit
2023/04/04 13:19:23 [notice] 32#32: exit
2023/04/04 13:19:23 [notice] 35#35: exit
2023/04/04 13:19:23 [notice] 36#36: gracefully shutting down
2023/04/04 13:19:23 [notice] 36#36: exiting
2023/04/04 13:19:23 [notice] 36#36: exit
2023/04/04 13:19:23 [notice] 1#1: signal 17 (SIGCHLD) received from 34
2023/04/04 13:19:23 [notice] 1#1: worker process 32 exited with code 0
2023/04/04 13:19:23 [notice] 1#1: worker process 34 exited with code 0
2023/04/04 13:19:23 [notice] 1#1: signal 29 (SIGIO) received
2023/04/04 13:19:23 [notice] 1#1: signal 17 (SIGCHLD) received from 35
2023/04/04 13:19:23 [notice] 1#1: worker process 35 exited with code 0
2023/04/04 13:19:23 [notice] 1#1: signal 29 (SIGIO) received
2023/04/04 13:19:23 [notice] 1#1: signal 17 (SIGCHLD) received from 36
2023/04/04 13:19:23 [notice] 1#1: worker process 36 exited with code 0
2023/04/04 13:19:23 [notice] 1#1: signal 29 (SIGIO) received
2023/04/04 13:19:23 [notice] 1#1: signal 17 (SIGCHLD) received from 31
2023/04/04 13:19:23 [notice] 1#1: worker process 31 exited with code 0
2023/04/04 13:19:23 [notice] 1#1: worker process 33 exited with code 0
2023/04/04 13:19:23 [notice] 1#1: signal 29 (SIGIO) received
2023/04/04 13:19:23 [notice] 1#1: signal 17 (SIGCHLD) received from 37
2023/04/04 13:19:23 [notice] 1#1: worker process 37 exited with code 0
2023/04/04 13:19:23 [notice] 1#1: signal 29 (SIGIO) received
2023/04/04 13:19:23 [notice] 30#30: exiting
2023/04/04 13:19:23 [notice] 30#30: exit
2023/04/04 13:19:23 [notice] 1#1: signal 17 (SIGCHLD) received from 30
2023/04/04 13:19:23 [notice] 1#1: worker process 30 exited with code 0
2023/04/04 13:19:23 [notice] 1#1: exit
2023/04/04 13:19:24 [notice] 1#1: using the "epoll" event method
2023/04/04 13:19:24 [notice] 1#1: nginx/1.23.1
2023/04/04 13:19:24 [notice] 1#1: built by gcc 10.2.1 20210110 (Debian 10.2.1-6) 
2023/04/04 13:19:24 [notice] 1#1: OS: Linux 6.1.21-1-MANJARO
2023/04/04 13:19:24 [notice] 1#1: getrlimit(RLIMIT_NOFILE): 1073741816:1073741816
2023/04/04 13:19:24 [notice] 1#1: start worker processes
2023/04/04 13:19:24 [notice] 1#1: start worker process 30
2023/04/04 13:19:24 [notice] 1#1: start worker process 31
2023/04/04 13:19:24 [notice] 1#1: start worker process 32
2023/04/04 13:19:24 [notice] 1#1: start worker process 33
2023/04/04 13:19:24 [notice] 1#1: start worker process 34
2023/04/04 13:19:24 [notice] 1#1: start worker process 35
2023/04/04 13:19:24 [notice] 1#1: start worker process 36
2023/04/04 13:19:24 [notice] 1#1: start worker process 37
2023/04/04 13:19:28 [error] 31#31: *1 open() "/usr/share/nginx/html/favicon.ico" failed (2: No such file or directory), client: 172.18.0.1, server: localhost, request: "GET /favicon.ico HTTP/1.1", host: "localhost:8089", referrer: "http://localhost:8089/lb"
2023/04/04 13:23:30 [notice] 1#1: signal 3 (SIGQUIT) received, shutting down
2023/04/04 13:23:30 [notice] 31#31: gracefully shutting down
2023/04/04 13:23:30 [notice] 30#30: gracefully shutting down
2023/04/04 13:23:30 [notice] 33#33: gracefully shutting down
2023/04/04 13:23:30 [notice] 32#32: gracefully shutting down
2023/04/04 13:23:30 [notice] 31#31: exiting
2023/04/04 13:23:30 [notice] 30#30: exiting
2023/04/04 13:23:30 [notice] 36#36: gracefully shutting down
2023/04/04 13:23:30 [notice] 37#37: gracefully shutting down
2023/04/04 13:23:30 [notice] 33#33: exiting
2023/04/04 13:23:30 [notice] 32#32: exiting
2023/04/04 13:23:30 [notice] 36#36: exiting
2023/04/04 13:23:30 [notice] 37#37: exiting
2023/04/04 13:23:30 [notice] 30#30: exit
2023/04/04 13:23:30 [notice] 31#31: exit
2023/04/04 13:23:30 [notice] 32#32: exit
2023/04/04 13:23:30 [notice] 33#33: exit
2023/04/04 13:23:30 [notice] 37#37: exit
2023/04/04 13:23:30 [notice] 36#36: exit
2023/04/04 13:23:30 [notice] 35#35: gracefully shutting down
2023/04/04 13:23:30 [notice] 34#34: gracefully shutting down
2023/04/04 13:23:30 [notice] 35#35: exiting
2023/04/04 13:23:30 [notice] 34#34: exiting
2023/04/04 13:23:30 [notice] 35#35: exit
2023/04/04 13:23:30 [notice] 34#34: exit
2023/04/04 13:23:31 [notice] 1#1: signal 17 (SIGCHLD) received from 35
2023/04/04 13:23:31 [notice] 1#1: worker process 30 exited with code 0
2023/04/04 13:23:31 [notice] 1#1: worker process 32 exited with code 0
2023/04/04 13:23:31 [notice] 1#1: worker process 35 exited with code 0
2023/04/04 13:23:31 [notice] 1#1: worker process 36 exited with code 0
2023/04/04 13:23:31 [notice] 1#1: signal 29 (SIGIO) received
2023/04/04 13:23:31 [notice] 1#1: signal 17 (SIGCHLD) received from 33
2023/04/04 13:23:31 [notice] 1#1: worker process 31 exited with code 0
2023/04/04 13:23:31 [notice] 1#1: worker process 33 exited with code 0
2023/04/04 13:23:31 [notice] 1#1: signal 29 (SIGIO) received
2023/04/04 13:23:31 [notice] 1#1: signal 17 (SIGCHLD) received from 37
2023/04/04 13:23:31 [notice] 1#1: worker process 34 exited with code 0
2023/04/04 13:23:31 [notice] 1#1: worker process 37 exited with code 0
2023/04/04 13:23:31 [notice] 1#1: exit
2023/04/04 13:24:18 [notice] 1#1: using the "epoll" event method
2023/04/04 13:24:18 [notice] 1#1: nginx/1.23.1
2023/04/04 13:24:18 [notice] 1#1: built by gcc 10.2.1 20210110 (Debian 10.2.1-6) 
2023/04/04 13:24:18 [notice] 1#1: OS: Linux 6.1.21-1-MANJARO
2023/04/04 13:24:18 [notice] 1#1: getrlimit(RLIMIT_NOFILE): 1073741816:1073741816
2023/04/04 13:24:18 [notice] 1#1: start worker processes
2023/04/04 13:24:18 [notice] 1#1: start worker process 30
2023/04/04 13:24:18 [notice] 1#1: start worker process 31
2023/04/04 13:24:18 [notice] 1#1: start worker process 32
2023/04/04 13:24:18 [notice] 1#1: start worker process 33
2023/04/04 13:24:18 [notice] 1#1: start worker process 34
2023/04/04 13:24:18 [notice] 1#1: start worker process 35
2023/04/04 13:24:18 [notice] 1#1: start worker process 36
2023/04/04 13:24:18 [notice] 1#1: start worker process 37
